

Processing ApplicationController#index (for 127.0.0.1 at 2011-02-20 12:12:54) [GET]

ActionController::RoutingError (No route matches "/quot" with {:method=>:get}):
  /Users/kburton/.rvm/rubies/ree-1.8.7-2010.01/lib/ruby/1.8/webrick/httpserver.rb:104:in `service'
  /Users/kburton/.rvm/rubies/ree-1.8.7-2010.01/lib/ruby/1.8/webrick/httpserver.rb:65:in `run'
  /Users/kburton/.rvm/rubies/ree-1.8.7-2010.01/lib/ruby/1.8/webrick/server.rb:173:in `start_thread'
  /Users/kburton/.rvm/rubies/ree-1.8.7-2010.01/lib/ruby/1.8/webrick/server.rb:162:in `start'
  /Users/kburton/.rvm/rubies/ree-1.8.7-2010.01/lib/ruby/1.8/webrick/server.rb:162:in `start_thread'
  /Users/kburton/.rvm/rubies/ree-1.8.7-2010.01/lib/ruby/1.8/webrick/server.rb:95:in `start'
  /Users/kburton/.rvm/rubies/ree-1.8.7-2010.01/lib/ruby/1.8/webrick/server.rb:92:in `each'
  /Users/kburton/.rvm/rubies/ree-1.8.7-2010.01/lib/ruby/1.8/webrick/server.rb:92:in `start'
  /Users/kburton/.rvm/rubies/ree-1.8.7-2010.01/lib/ruby/1.8/webrick/server.rb:23:in `start'
  /Users/kburton/.rvm/rubies/ree-1.8.7-2010.01/lib/ruby/1.8/webrick/server.rb:82:in `start'

Rendering rescues/layout (not_found)


Processing QuoteController#index (for 127.0.0.1 at 2011-02-20 12:12:56) [GET]

ActionController::UnknownAction (No action responded to index. Actions: answer, digits, send_back, start, and twaction):
  /Users/kburton/.rvm/rubies/ree-1.8.7-2010.01/lib/ruby/1.8/webrick/httpserver.rb:104:in `service'
  /Users/kburton/.rvm/rubies/ree-1.8.7-2010.01/lib/ruby/1.8/webrick/httpserver.rb:65:in `run'
  /Users/kburton/.rvm/rubies/ree-1.8.7-2010.01/lib/ruby/1.8/webrick/server.rb:173:in `start_thread'
  /Users/kburton/.rvm/rubies/ree-1.8.7-2010.01/lib/ruby/1.8/webrick/server.rb:162:in `start'
  /Users/kburton/.rvm/rubies/ree-1.8.7-2010.01/lib/ruby/1.8/webrick/server.rb:162:in `start_thread'
  /Users/kburton/.rvm/rubies/ree-1.8.7-2010.01/lib/ruby/1.8/webrick/server.rb:95:in `start'
  /Users/kburton/.rvm/rubies/ree-1.8.7-2010.01/lib/ruby/1.8/webrick/server.rb:92:in `each'
  /Users/kburton/.rvm/rubies/ree-1.8.7-2010.01/lib/ruby/1.8/webrick/server.rb:92:in `start'
  /Users/kburton/.rvm/rubies/ree-1.8.7-2010.01/lib/ruby/1.8/webrick/server.rb:23:in `start'
  /Users/kburton/.rvm/rubies/ree-1.8.7-2010.01/lib/ruby/1.8/webrick/server.rb:82:in `start'

Rendering rescues/layout (not_found)


Processing QuoteController#index (for 127.0.0.1 at 2011-02-20 12:13:25) [GET]

NameError (undefined local variable or method `session' for #<TWML:0x103ef2c30>):
  app/controllers/quote_controller.rb:27:in `index'
  lib/twml.rb:22:in `instance_eval'
  lib/twml.rb:22:in `gather'
  app/controllers/quote_controller.rb:24:in `index'
  app/controllers/application_controller.rb:22:in `instance_eval'
  app/controllers/application_controller.rb:22:in `send_back'
  lib/twml.rb:12:in `instance_eval'
  lib/twml.rb:12:in `initialize'
  app/controllers/application_controller.rb:21:in `new'
  app/controllers/application_controller.rb:21:in `send_back'
  app/controllers/quote_controller.rb:23:in `index'
  /Users/kburton/.rvm/rubies/ree-1.8.7-2010.01/lib/ruby/1.8/webrick/httpserver.rb:104:in `service'
  /Users/kburton/.rvm/rubies/ree-1.8.7-2010.01/lib/ruby/1.8/webrick/httpserver.rb:65:in `run'
  /Users/kburton/.rvm/rubies/ree-1.8.7-2010.01/lib/ruby/1.8/webrick/server.rb:173:in `start_thread'
  /Users/kburton/.rvm/rubies/ree-1.8.7-2010.01/lib/ruby/1.8/webrick/server.rb:162:in `start'
  /Users/kburton/.rvm/rubies/ree-1.8.7-2010.01/lib/ruby/1.8/webrick/server.rb:162:in `start_thread'
  /Users/kburton/.rvm/rubies/ree-1.8.7-2010.01/lib/ruby/1.8/webrick/server.rb:95:in `start'
  /Users/kburton/.rvm/rubies/ree-1.8.7-2010.01/lib/ruby/1.8/webrick/server.rb:92:in `each'
  /Users/kburton/.rvm/rubies/ree-1.8.7-2010.01/lib/ruby/1.8/webrick/server.rb:92:in `start'
  /Users/kburton/.rvm/rubies/ree-1.8.7-2010.01/lib/ruby/1.8/webrick/server.rb:23:in `start'
  /Users/kburton/.rvm/rubies/ree-1.8.7-2010.01/lib/ruby/1.8/webrick/server.rb:82:in `start'

Rendered rescues/_trace (39.0ms)
Rendered rescues/_request_and_response (1.1ms)
Rendering rescues/layout (internal_server_error)


Processing QuoteController#index (for 127.0.0.1 at 2011-02-20 12:14:36) [GET]
Completed in 4ms (View: 1, DB: 0) | 200 OK [http://localhost/quote]
